[0703/180437:INFO:exception_record.cc(518)] [QB]Process ID: 12228 Type: 2
[0703/184210:INFO:exception_record.cc(518)] [QB]Process ID: 12392 Type: 2
[0703/185233:INFO:exception_record.cc(518)] [QB]Process ID: 760 Type: 2
[0704/093041:WARNING:dns_config_service_win.cc(674)] Failed to read DnsConfig.
[0704/093042:WARNING:dns_config_service_win.cc(674)] Failed to read DnsConfig.
[0704/093042:WARNING:dns_config_service_win.cc(674)] Failed to read DnsConfig.
[0704/093043:WARNING:dns_config_service_win.cc(674)] Failed to read DnsConfig.
[0704/093043:WARNING:dns_config_service_win.cc(674)] Failed to read DnsConfig.
[0704/093046:WARNING:dns_config_service_win.cc(674)] Failed to read DnsConfig.
[0704/093046:WARNING:dns_config_service_win.cc(674)] Failed to read DnsConfig.
[0704/093046:WARNING:dns_config_service_win.cc(674)] Failed to read DnsConfig.
[0704/093047:WARNING:dns_config_service_win.cc(674)] Failed to read DnsConfig.
[0704/093047:WARNING:dns_config_service_win.cc(674)] Failed to read DnsConfig.
[0704/093047:WARNING:dns_config_service_win.cc(674)] Failed to read DnsConfig.
[0704/093048:WARNING:dns_config_service_win.cc(674)] Failed to read DnsConfig.
[0704/093048:WARNING:dns_config_service_win.cc(674)] Failed to read DnsConfig.
[0704/093058:WARNING:dns_config_service_win.cc(674)] Failed to read DnsConfig.
[0704/093059:WARNING:dns_config_service_win.cc(674)] Failed to read DnsConfig.
[0704/101651:WARNING:webmediaplayer_impl.cc(341)] Using MultibufferDataSource
[0704/101651:ERROR:ffmpeg_demuxer.cc(1510)] media::FFmpegDemuxer::OnReadFrameDone result=-541478725 IsMaxMemoryUsageReached=0
[0704/101652:WARNING:webmediaplayer_impl.cc(341)] Using MultibufferDataSource
[0704/101655:WARNING:webmediaplayer_impl.cc(341)] Using MultibufferDataSource
[0704/101707:ERROR:ffmpeg_demuxer.cc(1510)] media::FFmpegDemuxer::OnReadFrameDone result=-541478725 IsMaxMemoryUsageReached=0
[0704/101722:WARNING:webmediaplayer_impl.cc(341)] Using MultibufferDataSource
[0704/101737:ERROR:ffmpeg_demuxer.cc(1510)] media::FFmpegDemuxer::OnReadFrameDone result=-541478725 IsMaxMemoryUsageReached=0
[0704/101752:ERROR:ffmpeg_demuxer.cc(1510)] media::FFmpegDemuxer::OnReadFrameDone result=-541478725 IsMaxMemoryUsageReached=0
[0704/102154:INFO:exception_record.cc(518)] [QB]Process ID: 5012 Type: 2
[0704/104019:INFO:exception_record.cc(518)] [QB]Process ID: 15788 Type: 2
[0704/112916:INFO:exception_record.cc(518)] [QB]Process ID: 19700 Type: 2
[0704/113122:INFO:exception_record.cc(518)] [QB]Process ID: 16952 Type: 2
[0704/151847:INFO:exception_record.cc(518)] [QB]Process ID: 1292 Type: 2
[0704/155144:INFO:exception_record.cc(518)] [QB]Process ID: 16308 Type: 2
[0704/163858:INFO:exception_record.cc(518)] [QB]Process ID: 4020 Type: 2
[0704/175140:INFO:exception_record.cc(518)] [QB]Process ID: 2296 Type: 2
[0704/200902:WARNING:dns_config_service_win.cc(674)] Failed to read DnsConfig.
[0704/200902:WARNING:dns_config_service_win.cc(674)] Failed to read DnsConfig.
[0704/200903:WARNING:dns_config_service_win.cc(674)] Failed to read DnsConfig.
[0704/200907:WARNING:dns_config_service_win.cc(674)] Failed to read DnsConfig.
[0704/200908:WARNING:dns_config_service_win.cc(674)] Failed to read DnsConfig.
[0704/200908:WARNING:dns_config_service_win.cc(674)] Failed to read DnsConfig.
[0704/200909:WARNING:dns_config_service_win.cc(674)] Failed to read DnsConfig.
[0704/200910:WARNING:dns_config_service_win.cc(674)] Failed to read DnsConfig.
[0704/200910:WARNING:dns_config_service_win.cc(674)] Failed to read DnsConfig.
[0704/200913:WARNING:dns_config_service_win.cc(674)] Failed to read DnsConfig.
[0704/200913:WARNING:dns_config_service_win.cc(674)] Failed to read DnsConfig.
[0704/200914:WARNING:dns_config_service_win.cc(674)] Failed to read DnsConfig.
[0704/200915:WARNING:dns_config_service_win.cc(674)] Failed to read DnsConfig.
[0704/200915:WARNING:dns_config_service_win.cc(674)] Failed to read DnsConfig.
[0704/200932:WARNING:dns_config_service_win.cc(674)] Failed to read DnsConfig.
[0704/213038:WARNING:dns_config_service_win.cc(674)] Failed to read DnsConfig.
[0704/213038:WARNING:dns_config_service_win.cc(674)] Failed to read DnsConfig.
[0704/213038:WARNING:dns_config_service_win.cc(674)] Failed to read DnsConfig.
[0704/213039:WARNING:dns_config_service_win.cc(674)] Failed to read DnsConfig.
[0704/213039:WARNING:dns_config_service_win.cc(674)] Failed to read DnsConfig.
[0704/213039:WARNING:dns_config_service_win.cc(674)] Failed to read DnsConfig.
[0704/213040:WARNING:dns_config_service_win.cc(674)] Failed to read DnsConfig.
[0704/213040:WARNING:dns_config_service_win.cc(674)] Failed to read DnsConfig.
[0704/213043:WARNING:dns_config_service_win.cc(674)] Failed to read DnsConfig.
[0704/213043:WARNING:dns_config_service_win.cc(674)] Failed to read DnsConfig.
[0704/213043:WARNING:dns_config_service_win.cc(674)] Failed to read DnsConfig.
[0704/213044:WARNING:dns_config_service_win.cc(674)] Failed to read DnsConfig.
[0704/213044:WARNING:dns_config_service_win.cc(674)] Failed to read DnsConfig.
[0704/213228:WARNING:dns_config_service_win.cc(674)] Failed to read DnsConfig.
[0704/213229:WARNING:dns_config_service_win.cc(674)] Failed to read DnsConfig.
[0704/213229:WARNING:dns_config_service_win.cc(674)] Failed to read DnsConfig.
[0705/092425:WARNING:dns_config_service_win.cc(674)] Failed to read DnsConfig.
[0705/092426:WARNING:dns_config_service_win.cc(674)] Failed to read DnsConfig.
[0705/092437:WARNING:dns_config_service_win.cc(674)] Failed to read DnsConfig.
[0705/092445:WARNING:dns_config_service_win.cc(674)] Failed to read DnsConfig.
[0705/092450:WARNING:dns_config_service_win.cc(674)] Failed to read DnsConfig.
[0705/092450:WARNING:dns_config_service_win.cc(674)] Failed to read DnsConfig.
[0705/092455:WARNING:dns_config_service_win.cc(674)] Failed to read DnsConfig.
[0705/092455:WARNING:dns_config_service_win.cc(674)] Failed to read DnsConfig.
[0705/094937:INFO:exception_record.cc(518)] [QB]Process ID: 21456 Type: 2
[0705/114433:INFO:exception_record.cc(518)] [QB]Process ID: 19320 Type: 2
[0705/134916:INFO:exception_record.cc(518)] [QB]Process ID: 20848 Type: 2
[0705/145703:INFO:exception_record.cc(518)] [QB]Process ID: 2964 Type: 2
[0705/160153:INFO:exception_record.cc(518)] [QB]Process ID: 2884 Type: 2
[0705/162523:WARNING:webmediaplayer_impl.cc(341)] Using MultibufferDataSource
[0705/162523:ERROR:ffmpeg_demuxer.cc(1510)] media::FFmpegDemuxer::OnReadFrameDone result=-541478725 IsMaxMemoryUsageReached=0
[0705/162523:WARNING:webmediaplayer_impl.cc(341)] Using MultibufferDataSource
[0705/162524:WARNING:webmediaplayer_impl.cc(341)] Using MultibufferDataSource
[0705/162526:WARNING:webmediaplayer_impl.cc(341)] Using MultibufferDataSource
[0705/162538:ERROR:ffmpeg_demuxer.cc(1510)] media::FFmpegDemuxer::OnReadFrameDone result=-541478725 IsMaxMemoryUsageReached=0
[0705/162553:ERROR:ffmpeg_demuxer.cc(1510)] media::FFmpegDemuxer::OnReadFrameDone result=-541478725 IsMaxMemoryUsageReached=0
[0705/162726:ERROR:ffmpeg_demuxer.cc(1510)] media::FFmpegDemuxer::OnReadFrameDone result=-541478725 IsMaxMemoryUsageReached=0
[0705/162726:WARNING:http_cache_transaction.cc(2516)] Failed to revalidate partial entry
[0705/162743:INFO:exception_record.cc(518)] [QB]Process ID: 17632 Type: 2
[0705/163420:INFO:exception_record.cc(518)] [QB]Process ID: 5620 Type: 2
[0705/163423:WARNING:webmediaplayer_impl.cc(341)] Using MultibufferDataSource
[0705/163423:ERROR:ffmpeg_demuxer.cc(1510)] media::FFmpegDemuxer::OnReadFrameDone result=-541478725 IsMaxMemoryUsageReached=0
[0705/163423:WARNING:webmediaplayer_impl.cc(341)] Using MultibufferDataSource
[0705/163424:WARNING:webmediaplayer_impl.cc(341)] Using MultibufferDataSource
[0705/163438:ERROR:ffmpeg_demuxer.cc(1510)] media::FFmpegDemuxer::OnReadFrameDone result=-541478725 IsMaxMemoryUsageReached=0
[0705/163445:WARNING:webmediaplayer_impl.cc(341)] Using MultibufferDataSource
[0705/163453:ERROR:ffmpeg_demuxer.cc(1510)] media::FFmpegDemuxer::OnReadFrameDone result=-541478725 IsMaxMemoryUsageReached=0
[0705/163626:ERROR:ffmpeg_demuxer.cc(1510)] media::FFmpegDemuxer::OnReadFrameDone result=-541478725 IsMaxMemoryUsageReached=0
[0705/164456:WARNING:webmediaplayer_impl.cc(341)] Using MultibufferDataSource
[0705/164456:ERROR:ffmpeg_demuxer.cc(1510)] media::FFmpegDemuxer::OnReadFrameDone result=-541478725 IsMaxMemoryUsageReached=0
[0705/164456:WARNING:webmediaplayer_impl.cc(341)] Using MultibufferDataSource
[0705/164457:WARNING:webmediaplayer_impl.cc(341)] Using MultibufferDataSource
[0705/164459:WARNING:webmediaplayer_impl.cc(341)] Using MultibufferDataSource
[0705/164511:ERROR:ffmpeg_demuxer.cc(1510)] media::FFmpegDemuxer::OnReadFrameDone result=-541478725 IsMaxMemoryUsageReached=0
[0705/164526:ERROR:ffmpeg_demuxer.cc(1510)] media::FFmpegDemuxer::OnReadFrameDone result=-541478725 IsMaxMemoryUsageReached=0
[0705/164658:ERROR:ffmpeg_demuxer.cc(1510)] media::FFmpegDemuxer::OnReadFrameDone result=-541478725 IsMaxMemoryUsageReached=0
[0705/164715:WARNING:quota_manager.cc(1833)] Create directory failed for path
[0705/164715:WARNING:quota_manager.cc(1833)] Create directory failed for path
[0705/171715:WARNING:quota_manager.cc(1833)] Create directory failed for path
[0705/174715:WARNING:quota_manager.cc(1833)] Create directory failed for path
[0705/181715:WARNING:quota_manager.cc(1833)] Create directory failed for path
[0708/094026:WARNING:quota_manager.cc(1833)] Create directory failed for path
[0708/094029:WARNING:dns_config_service_win.cc(674)] Failed to read DnsConfig.
[0708/094030:WARNING:dns_config_service_win.cc(674)] Failed to read DnsConfig.
[0708/094032:WARNING:dns_config_service_win.cc(674)] Failed to read DnsConfig.
[0708/094035:WARNING:dns_config_service_win.cc(674)] Failed to read DnsConfig.
[0708/094036:WARNING:dns_config_service_win.cc(674)] Failed to read DnsConfig.
[0708/094037:WARNING:dns_config_service_win.cc(674)] Failed to read DnsConfig.
[0708/094040:WARNING:dns_config_service_win.cc(674)] Failed to read DnsConfig.
[0708/094041:WARNING:dns_config_service_win.cc(674)] Failed to read DnsConfig.
[0708/094042:WARNING:dns_config_service_win.cc(674)] Failed to read DnsConfig.
[0708/094044:WARNING:dns_config_service_win.cc(674)] Failed to read DnsConfig.
[0708/094045:WARNING:dns_config_service_win.cc(674)] Failed to read DnsConfig.
[0708/094046:WARNING:dns_config_service_win.cc(674)] Failed to read DnsConfig.
[0708/094047:WARNING:dns_config_service_win.cc(674)] Failed to read DnsConfig.
[0708/094047:WARNING:dns_config_service_win.cc(674)] Failed to read DnsConfig.
[0708/094049:WARNING:dns_config_service_win.cc(674)] Failed to read DnsConfig.
[0708/094050:WARNING:dns_config_service_win.cc(674)] Failed to read DnsConfig.
[0708/094051:WARNING:dns_config_service_win.cc(674)] Failed to read DnsConfig.
[0708/094052:WARNING:dns_config_service_win.cc(674)] Failed to read DnsConfig.
[0708/094052:WARNING:dns_config_service_win.cc(674)] Failed to read DnsConfig.
[0708/094054:WARNING:dns_config_service_win.cc(674)] Failed to read DnsConfig.
[0708/094055:WARNING:dns_config_service_win.cc(674)] Failed to read DnsConfig.
[0708/094056:WARNING:dns_config_service_win.cc(674)] Failed to read DnsConfig.
[0708/094056:WARNING:dns_config_service_win.cc(674)] Failed to read DnsConfig.
[0708/094057:WARNING:dns_config_service_win.cc(674)] Failed to read DnsConfig.
[0708/094057:WARNING:dns_config_service_win.cc(674)] Failed to read DnsConfig.
[0708/094059:WARNING:dns_config_service_win.cc(674)] Failed to read DnsConfig.
[0708/094100:WARNING:dns_config_service_win.cc(674)] Failed to read DnsConfig.
[0708/094101:WARNING:dns_config_service_win.cc(674)] Failed to read DnsConfig.
[0708/094101:WARNING:dns_config_service_win.cc(674)] Failed to read DnsConfig.
[0708/094102:WARNING:dns_config_service_win.cc(674)] Failed to read DnsConfig.
[0708/094102:WARNING:dns_config_service_win.cc(674)] Failed to read DnsConfig.
[0708/094104:WARNING:dns_config_service_win.cc(674)] Failed to read DnsConfig.
[0708/094105:WARNING:dns_config_service_win.cc(674)] Failed to read DnsConfig.
[0708/094106:WARNING:dns_config_service_win.cc(674)] Failed to read DnsConfig.
[0708/094106:WARNING:dns_config_service_win.cc(674)] Failed to read DnsConfig.
[0708/094107:WARNING:dns_config_service_win.cc(674)] Failed to read DnsConfig.
[0708/094107:WARNING:dns_config_service_win.cc(674)] Failed to read DnsConfig.
[0708/094109:WARNING:dns_config_service_win.cc(674)] Failed to read DnsConfig.
[0708/094110:WARNING:dns_config_service_win.cc(674)] Failed to read DnsConfig.
[0708/094111:WARNING:dns_config_service_win.cc(674)] Failed to read DnsConfig.
[0708/094111:WARNING:dns_config_service_win.cc(674)] Failed to read DnsConfig.
[0708/094112:WARNING:dns_config_service_win.cc(674)] Failed to read DnsConfig.
[0708/094112:WARNING:dns_config_service_win.cc(674)] Failed to read DnsConfig.
[0708/094114:WARNING:dns_config_service_win.cc(674)] Failed to read DnsConfig.
[0708/094114:WARNING:dns_config_service_win.cc(674)] Failed to read DnsConfig.
[0708/094115:WARNING:dns_config_service_win.cc(674)] Failed to read DnsConfig.
[0708/094116:WARNING:dns_config_service_win.cc(674)] Failed to read DnsConfig.
[0708/094116:WARNING:dns_config_service_win.cc(674)] Failed to read DnsConfig.
[0708/094117:WARNING:dns_config_service_win.cc(674)] Failed to read DnsConfig.
[0708/094117:WARNING:dns_config_service_win.cc(674)] Failed to read DnsConfig.
[0708/094119:WARNING:dns_config_service_win.cc(674)] Failed to read DnsConfig.
[0708/094119:WARNING:dns_config_service_win.cc(674)] Failed to read DnsConfig.
[0708/094120:WARNING:dns_config_service_win.cc(674)] Failed to read DnsConfig.
[0708/094121:WARNING:dns_config_service_win.cc(674)] Failed to read DnsConfig.
[0708/094121:WARNING:dns_config_service_win.cc(674)] Failed to read DnsConfig.
[0708/094122:WARNING:dns_config_service_win.cc(674)] Failed to read DnsConfig.
[0708/094122:WARNING:dns_config_service_win.cc(674)] Failed to read DnsConfig.
[0708/094124:WARNING:dns_config_service_win.cc(674)] Failed to read DnsConfig.
[0708/094124:WARNING:dns_config_service_win.cc(674)] Failed to read DnsConfig.
[0708/094125:WARNING:dns_config_service_win.cc(674)] Failed to read DnsConfig.
[0708/094126:WARNING:dns_config_service_win.cc(674)] Failed to read DnsConfig.
[0708/094126:WARNING:dns_config_service_win.cc(674)] Failed to read DnsConfig.
[0708/094127:WARNING:dns_config_service_win.cc(674)] Failed to read DnsConfig.
[0708/094127:WARNING:dns_config_service_win.cc(674)] Failed to read DnsConfig.
[0708/094129:WARNING:dns_config_service_win.cc(674)] Failed to read DnsConfig.
[0708/094129:WARNING:dns_config_service_win.cc(674)] Failed to read DnsConfig.
[0708/094130:WARNING:dns_config_service_win.cc(674)] Failed to read DnsConfig.
[0708/094131:WARNING:dns_config_service_win.cc(674)] Failed to read DnsConfig.
[0708/094131:WARNING:dns_config_service_win.cc(674)] Failed to read DnsConfig.
[0708/094132:WARNING:dns_config_service_win.cc(674)] Failed to read DnsConfig.
[0708/094132:WARNING:dns_config_service_win.cc(674)] Failed to read DnsConfig.
[0708/094134:WARNING:dns_config_service_win.cc(674)] Failed to read DnsConfig.
[0708/094134:WARNING:dns_config_service_win.cc(674)] Failed to read DnsConfig.
[0708/094135:WARNING:dns_config_service_win.cc(674)] Failed to read DnsConfig.
[0708/094135:WARNING:dns_config_service_win.cc(674)] Failed to read DnsConfig.
[0708/094136:WARNING:dns_config_service_win.cc(674)] Failed to read DnsConfig.
[0708/094136:WARNING:dns_config_service_win.cc(674)] Failed to read DnsConfig.
[0708/094137:WARNING:dns_config_service_win.cc(674)] Failed to read DnsConfig.
[0708/094137:WARNING:dns_config_service_win.cc(674)] Failed to read DnsConfig.
[0708/094139:WARNING:dns_config_service_win.cc(674)] Failed to read DnsConfig.
[0708/094139:WARNING:dns_config_service_win.cc(674)] Failed to read DnsConfig.
[0708/094140:WARNING:dns_config_service_win.cc(674)] Failed to read DnsConfig.
[0708/094140:WARNING:dns_config_service_win.cc(674)] Failed to read DnsConfig.
[0708/094141:WARNING:dns_config_service_win.cc(674)] Failed to read DnsConfig.
[0708/094141:WARNING:dns_config_service_win.cc(674)] Failed to read DnsConfig.
[0708/094142:WARNING:dns_config_service_win.cc(674)] Failed to read DnsConfig.
[0708/094142:WARNING:dns_config_service_win.cc(674)] Failed to read DnsConfig.
[0708/094144:WARNING:dns_config_service_win.cc(674)] Failed to read DnsConfig.
[0708/094144:WARNING:dns_config_service_win.cc(674)] Failed to read DnsConfig.
[0708/094145:WARNING:dns_config_service_win.cc(674)] Failed to read DnsConfig.
[0708/094145:WARNING:dns_config_service_win.cc(674)] Failed to read DnsConfig.
[0708/094146:WARNING:dns_config_service_win.cc(674)] Failed to read DnsConfig.
[0708/094146:WARNING:dns_config_service_win.cc(674)] Failed to read DnsConfig.
[0708/094147:WARNING:dns_config_service_win.cc(674)] Failed to read DnsConfig.
[0708/094147:WARNING:dns_config_service_win.cc(674)] Failed to read DnsConfig.
[0708/094149:WARNING:dns_config_service_win.cc(674)] Failed to read DnsConfig.
[0708/094149:WARNING:dns_config_service_win.cc(674)] Failed to read DnsConfig.
[0708/094150:WARNING:dns_config_service_win.cc(674)] Failed to read DnsConfig.
[0708/094150:WARNING:dns_config_service_win.cc(674)] Failed to read DnsConfig.
[0708/094151:WARNING:dns_config_service_win.cc(674)] Failed to read DnsConfig.
[0708/094151:WARNING:dns_config_service_win.cc(674)] Failed to read DnsConfig.
[0708/094152:WARNING:dns_config_service_win.cc(674)] Failed to read DnsConfig.
[0708/094152:WARNING:dns_config_service_win.cc(674)] Failed to read DnsConfig.
[0708/094154:WARNING:dns_config_service_win.cc(674)] Failed to read DnsConfig.
[0708/094154:WARNING:dns_config_service_win.cc(674)] Failed to read DnsConfig.
[0708/094155:WARNING:dns_config_service_win.cc(674)] Failed to read DnsConfig.
[0708/094155:WARNING:dns_config_service_win.cc(674)] Failed to read DnsConfig.
[0708/094156:WARNING:dns_config_service_win.cc(674)] Failed to read DnsConfig.
[0708/094156:WARNING:dns_config_service_win.cc(674)] Failed to read DnsConfig.
[0708/094157:WARNING:dns_config_service_win.cc(674)] Failed to read DnsConfig.
[0708/094157:WARNING:dns_config_service_win.cc(674)] Failed to read DnsConfig.
[0708/094159:WARNING:dns_config_service_win.cc(674)] Failed to read DnsConfig.
[0708/094159:WARNING:dns_config_service_win.cc(674)] Failed to read DnsConfig.
[0708/094200:WARNING:dns_config_service_win.cc(674)] Failed to read DnsConfig.
[0708/094200:WARNING:dns_config_service_win.cc(674)] Failed to read DnsConfig.
[0708/094201:WARNING:dns_config_service_win.cc(674)] Failed to read DnsConfig.
[0708/094201:WARNING:dns_config_service_win.cc(674)] Failed to read DnsConfig.
[0708/094202:WARNING:dns_config_service_win.cc(674)] Failed to read DnsConfig.
[0708/094202:WARNING:dns_config_service_win.cc(674)] Failed to read DnsConfig.
[0708/094204:WARNING:dns_config_service_win.cc(674)] Failed to read DnsConfig.
[0708/094204:WARNING:dns_config_service_win.cc(674)] Failed to read DnsConfig.
[0708/094205:WARNING:dns_config_service_win.cc(674)] Failed to read DnsConfig.
[0708/094205:WARNING:dns_config_service_win.cc(674)] Failed to read DnsConfig.
[0708/094206:WARNING:dns_config_service_win.cc(674)] Failed to read DnsConfig.
[0708/094206:WARNING:dns_config_service_win.cc(674)] Failed to read DnsConfig.
[0708/094207:WARNING:dns_config_service_win.cc(674)] Failed to read DnsConfig.
[0708/094207:WARNING:dns_config_service_win.cc(674)] Failed to read DnsConfig.
[0708/094209:WARNING:dns_config_service_win.cc(674)] Failed to read DnsConfig.
[0708/094209:WARNING:dns_config_service_win.cc(674)] Failed to read DnsConfig.
[0708/094210:WARNING:dns_config_service_win.cc(674)] Failed to read DnsConfig.
[0708/094210:WARNING:dns_config_service_win.cc(674)] Failed to read DnsConfig.
[0708/094211:WARNING:dns_config_service_win.cc(674)] Failed to read DnsConfig.
[0708/094211:WARNING:dns_config_service_win.cc(674)] Failed to read DnsConfig.
[0708/094212:WARNING:dns_config_service_win.cc(674)] Failed to read DnsConfig.
[0708/094212:WARNING:dns_config_service_win.cc(674)] Failed to read DnsConfig.
[0708/094214:WARNING:dns_config_service_win.cc(674)] Failed to read DnsConfig.
[0708/094214:WARNING:dns_config_service_win.cc(674)] Failed to read DnsConfig.
[0708/094214:WARNING:dns_config_service_win.cc(674)] Failed to read DnsConfig.
[0708/094215:WARNING:dns_config_service_win.cc(674)] Failed to read DnsConfig.
[0708/094215:WARNING:dns_config_service_win.cc(674)] Failed to read DnsConfig.
[0708/094216:WARNING:dns_config_service_win.cc(674)] Failed to read DnsConfig.
[0708/094216:WARNING:dns_config_service_win.cc(674)] Failed to read DnsConfig.
[0708/094217:WARNING:dns_config_service_win.cc(674)] Failed to read DnsConfig.
[0708/094217:WARNING:dns_config_service_win.cc(674)] Failed to read DnsConfig.
[0708/094219:WARNING:dns_config_service_win.cc(674)] Failed to read DnsConfig.
[0708/094219:WARNING:dns_config_service_win.cc(674)] Failed to read DnsConfig.
[0708/094219:WARNING:dns_config_service_win.cc(674)] Failed to read DnsConfig.
[0708/094220:WARNING:dns_config_service_win.cc(674)] Failed to read DnsConfig.
[0708/094220:WARNING:dns_config_service_win.cc(674)] Failed to read DnsConfig.
[0708/094221:WARNING:dns_config_service_win.cc(674)] Failed to read DnsConfig.
[0708/094221:WARNING:dns_config_service_win.cc(674)] Failed to read DnsConfig.
[0708/094222:WARNING:dns_config_service_win.cc(674)] Failed to read DnsConfig.
[0708/094222:WARNING:dns_config_service_win.cc(674)] Failed to read DnsConfig.
[0708/094224:WARNING:dns_config_service_win.cc(674)] Failed to read DnsConfig.
[0708/094224:WARNING:dns_config_service_win.cc(674)] Failed to read DnsConfig.
[0708/094224:WARNING:dns_config_service_win.cc(674)] Failed to read DnsConfig.
[0708/094225:WARNING:dns_config_service_win.cc(674)] Failed to read DnsConfig.
[0708/094225:WARNING:dns_config_service_win.cc(674)] Failed to read DnsConfig.
[0708/094226:WARNING:dns_config_service_win.cc(674)] Failed to read DnsConfig.
[0708/094226:WARNING:dns_config_service_win.cc(674)] Failed to read DnsConfig.
[0708/094227:WARNING:dns_config_service_win.cc(674)] Failed to read DnsConfig.
[0708/094227:WARNING:dns_config_service_win.cc(674)] Failed to read DnsConfig.
[0708/094227:WARNING:dns_config_service_win.cc(674)] Failed to read DnsConfig.
[0708/094229:WARNING:dns_config_service_win.cc(674)] Failed to read DnsConfig.
[0708/094229:WARNING:dns_config_service_win.cc(674)] Failed to read DnsConfig.
[0708/094229:WARNING:dns_config_service_win.cc(674)] Failed to read DnsConfig.
[0708/094230:WARNING:dns_config_service_win.cc(674)] Failed to read DnsConfig.
[0708/094230:WARNING:dns_config_service_win.cc(674)] Failed to read DnsConfig.
[0708/094231:WARNING:dns_config_service_win.cc(674)] Failed to read DnsConfig.
[0708/094231:WARNING:dns_config_service_win.cc(674)] Failed to read DnsConfig.
[0708/094232:WARNING:dns_config_service_win.cc(674)] Failed to read DnsConfig.
[0708/094232:WARNING:dns_config_service_win.cc(674)] Failed to read DnsConfig.
[0708/094232:WARNING:dns_config_service_win.cc(674)] Failed to read DnsConfig.
[0708/094234:WARNING:dns_config_service_win.cc(674)] Failed to read DnsConfig.
[0708/094234:WARNING:dns_config_service_win.cc(674)] Failed to read DnsConfig.
[0708/094234:WARNING:dns_config_service_win.cc(674)] Failed to read DnsConfig.
[0708/094235:WARNING:dns_config_service_win.cc(674)] Failed to read DnsConfig.
[0708/094235:WARNING:dns_config_service_win.cc(674)] Failed to read DnsConfig.
[0708/094236:WARNING:dns_config_service_win.cc(674)] Failed to read DnsConfig.
[0708/094236:WARNING:dns_config_service_win.cc(674)] Failed to read DnsConfig.
[0708/094237:WARNING:dns_config_service_win.cc(674)] Failed to read DnsConfig.
[0708/094237:WARNING:dns_config_service_win.cc(674)] Failed to read DnsConfig.
[0708/094237:WARNING:dns_config_service_win.cc(674)] Failed to read DnsConfig.
[0708/094239:WARNING:dns_config_service_win.cc(674)] Failed to read DnsConfig.
[0708/094239:WARNING:dns_config_service_win.cc(674)] Failed to read DnsConfig.
[0708/094239:WARNING:dns_config_service_win.cc(674)] Failed to read DnsConfig.
[0708/094240:WARNING:dns_config_service_win.cc(674)] Failed to read DnsConfig.
[0708/094240:WARNING:dns_config_service_win.cc(674)] Failed to read DnsConfig.
[0708/094240:WARNING:dns_config_service_win.cc(674)] Failed to read DnsConfig.
[0708/094241:WARNING:dns_config_service_win.cc(674)] Failed to read DnsConfig.
[0708/094241:WARNING:dns_config_service_win.cc(674)] Failed to read DnsConfig.
[0708/094241:WARNING:dns_config_service_win.cc(674)] Failed to read DnsConfig.
[0708/094242:WARNING:dns_config_service_win.cc(674)] Failed to read DnsConfig.
[0708/094242:WARNING:dns_config_service_win.cc(674)] Failed to read DnsConfig.
[0708/094242:WARNING:dns_config_service_win.cc(674)] Failed to read DnsConfig.
[0708/094244:WARNING:dns_config_service_win.cc(674)] Failed to read DnsConfig.
[0708/094244:WARNING:dns_config_service_win.cc(674)] Failed to read DnsConfig.
[0708/094244:WARNING:dns_config_service_win.cc(674)] Failed to read DnsConfig.
[0708/094245:WARNING:dns_config_service_win.cc(674)] Failed to read DnsConfig.
[0708/094245:WARNING:dns_config_service_win.cc(674)] Failed to read DnsConfig.
[0708/094245:WARNING:dns_config_service_win.cc(674)] Failed to read DnsConfig.
[0708/094245:WARNING:dns_config_service_win.cc(674)] Failed to read DnsConfig.
[0708/094246:WARNING:dns_config_service_win.cc(674)] Failed to read DnsConfig.
[0708/094246:WARNING:dns_config_service_win.cc(674)] Failed to read DnsConfig.
[0708/094247:WARNING:dns_config_service_win.cc(674)] Failed to read DnsConfig.
[0708/094247:WARNING:dns_config_service_win.cc(674)] Failed to read DnsConfig.
[0708/094247:WARNING:dns_config_service_win.cc(674)] Failed to read DnsConfig.
[0708/094247:WARNING:dns_config_service_win.cc(674)] Failed to read DnsConfig.
[0708/094249:WARNING:dns_config_service_win.cc(674)] Failed to read DnsConfig.
[0708/094249:WARNING:dns_config_service_win.cc(674)] Failed to read DnsConfig.
[0708/094249:WARNING:dns_config_service_win.cc(674)] Failed to read DnsConfig.
[0708/094250:WARNING:dns_config_service_win.cc(674)] Failed to read DnsConfig.
[0708/094250:WARNING:dns_config_service_win.cc(674)] Failed to read DnsConfig.
[0708/094250:WARNING:dns_config_service_win.cc(674)] Failed to read DnsConfig.
[0708/094250:WARNING:dns_config_service_win.cc(674)] Failed to read DnsConfig.
[0708/094251:WARNING:dns_config_service_win.cc(674)] Failed to read DnsConfig.
[0708/094251:WARNING:dns_config_service_win.cc(674)] Failed to read DnsConfig.
[0708/094252:WARNING:dns_config_service_win.cc(674)] Failed to read DnsConfig.
[0708/094252:WARNING:dns_config_service_win.cc(674)] Failed to read DnsConfig.
[0708/094252:WARNING:dns_config_service_win.cc(674)] Failed to read DnsConfig.
[0708/094252:WARNING:dns_config_service_win.cc(674)] Failed to read DnsConfig.
[0708/101034:WARNING:quota_manager.cc(1833)] Create directory failed for path
[0708/104035:WARNING:quota_manager.cc(1833)] Create directory failed for path
[0708/111035:WARNING:quota_manager.cc(1833)] Create directory failed for path
[0708/114035:WARNING:quota_manager.cc(1833)] Create directory failed for path
[0708/121035:WARNING:quota_manager.cc(1833)] Create directory failed for path
[0708/124035:WARNING:quota_manager.cc(1833)] Create directory failed for path
[0708/131035:WARNING:quota_manager.cc(1833)] Create directory failed for path
[0708/134035:WARNING:quota_manager.cc(1833)] Create directory failed for path
[0708/135626:INFO:exception_record.cc(518)] [QB]Process ID: 15140 Type: 2
[0708/141035:WARNING:quota_manager.cc(1833)] Create directory failed for path
[0708/144035:WARNING:quota_manager.cc(1833)] Create directory failed for path
[0708/151035:WARNING:quota_manager.cc(1833)] Create directory failed for path
[0708/154035:WARNING:quota_manager.cc(1833)] Create directory failed for path
[0708/161035:WARNING:quota_manager.cc(1833)] Create directory failed for path
[0708/164035:WARNING:quota_manager.cc(1833)] Create directory failed for path
[0708/170432:INFO:exception_record.cc(518)] [QB]Process ID: 17544 Type: 2
[0708/171035:WARNING:quota_manager.cc(1833)] Create directory failed for path
[0708/174035:WARNING:quota_manager.cc(1833)] Create directory failed for path
[0708/181035:WARNING:quota_manager.cc(1833)] Create directory failed for path
[0709/093128:WARNING:quota_manager.cc(1833)] Create directory failed for path
[0709/093128:WARNING:dns_config_service_win.cc(674)] Failed to read DnsConfig.
[0709/093132:WARNING:dns_config_service_win.cc(674)] Failed to read DnsConfig.
[0709/093133:WARNING:dns_config_service_win.cc(674)] Failed to read DnsConfig.
[0709/093133:WARNING:dns_config_service_win.cc(674)] Failed to read DnsConfig.
[0709/093136:WARNING:dns_config_service_win.cc(674)] Failed to read DnsConfig.
[0709/093137:WARNING:dns_config_service_win.cc(674)] Failed to read DnsConfig.
[0709/093138:WARNING:dns_config_service_win.cc(674)] Failed to read DnsConfig.
[0709/093138:WARNING:dns_config_service_win.cc(674)] Failed to read DnsConfig.
[0709/093233:WARNING:webmediaplayer_impl.cc(341)] Using MultibufferDataSource
[0709/093233:ERROR:ffmpeg_demuxer.cc(1510)] media::FFmpegDemuxer::OnReadFrameDone result=-541478725 IsMaxMemoryUsageReached=0
[0709/093233:WARNING:webmediaplayer_impl.cc(341)] Using MultibufferDataSource
[0709/093327:ERROR:ffmpeg_demuxer.cc(1510)] media::FFmpegDemuxer::OnReadFrameDone result=-541478725 IsMaxMemoryUsageReached=0
[0709/100133:WARNING:quota_manager.cc(1833)] Create directory failed for path
[0709/103133:WARNING:quota_manager.cc(1833)] Create directory failed for path
[0709/110133:WARNING:quota_manager.cc(1833)] Create directory failed for path
[0709/113133:WARNING:quota_manager.cc(1833)] Create directory failed for path
[0709/120133:WARNING:quota_manager.cc(1833)] Create directory failed for path
[0709/123133:WARNING:quota_manager.cc(1833)] Create directory failed for path
[0709/130133:WARNING:quota_manager.cc(1833)] Create directory failed for path
[0709/132713:WARNING:webmediaplayer_impl.cc(341)] Using MultibufferDataSource
[0709/132713:ERROR:ffmpeg_demuxer.cc(1510)] media::FFmpegDemuxer::OnReadFrameDone result=-541478725 IsMaxMemoryUsageReached=0
[0709/132713:WARNING:webmediaplayer_impl.cc(341)] Using MultibufferDataSource
[0709/132733:ERROR:ffmpeg_demuxer.cc(1510)] media::FFmpegDemuxer::OnReadFrameDone result=-541478725 IsMaxMemoryUsageReached=0
[0709/132735:WARNING:webmediaplayer_impl.cc(341)] Using MultibufferDataSource
[0709/132736:ERROR:ffmpeg_demuxer.cc(1510)] media::FFmpegDemuxer::OnReadFrameDone result=-541478725 IsMaxMemoryUsageReached=0
[0709/132736:WARNING:webmediaplayer_impl.cc(341)] Using MultibufferDataSource
[0709/132755:ERROR:ffmpeg_demuxer.cc(1510)] media::FFmpegDemuxer::OnReadFrameDone result=-541478725 IsMaxMemoryUsageReached=0
[0709/132757:WARNING:webmediaplayer_impl.cc(341)] Using MultibufferDataSource
[0709/132757:ERROR:ffmpeg_demuxer.cc(1510)] media::FFmpegDemuxer::OnReadFrameDone result=-541478725 IsMaxMemoryUsageReached=0
[0709/132757:WARNING:webmediaplayer_impl.cc(341)] Using MultibufferDataSource
[0709/132816:ERROR:ffmpeg_demuxer.cc(1510)] media::FFmpegDemuxer::OnReadFrameDone result=-541478725 IsMaxMemoryUsageReached=0
[0709/133133:WARNING:quota_manager.cc(1833)] Create directory failed for path
[0709/134440:INFO:exception_record.cc(518)] [QB]Process ID: 19788 Type: 2
[0709/140133:WARNING:quota_manager.cc(1833)] Create directory failed for path
[0709/143133:WARNING:quota_manager.cc(1833)] Create directory failed for path
[0709/150133:WARNING:quota_manager.cc(1833)] Create directory failed for path
[0709/153133:WARNING:quota_manager.cc(1833)] Create directory failed for path
[0709/160133:WARNING:quota_manager.cc(1833)] Create directory failed for path
[0709/162657:INFO:exception_record.cc(518)] [QB]Process ID: 23320 Type: 2
[0709/163133:WARNING:quota_manager.cc(1833)] Create directory failed for path
[0709/164504:WARNING:spdy_session.cc(2455)] Received HEADERS for invalid stream 3
[0709/164506:WARNING:webmediaplayer_impl.cc(341)] Using MultibufferDataSource
[0709/164506:ERROR:ffmpeg_demuxer.cc(1510)] media::FFmpegDemuxer::OnReadFrameDone result=-541478725 IsMaxMemoryUsageReached=0
[0709/164507:WARNING:webmediaplayer_impl.cc(341)] Using MultibufferDataSource
[0709/164507:WARNING:webmediaplayer_impl.cc(341)] Using MultibufferDataSource
[0709/164509:WARNING:webmediaplayer_impl.cc(341)] Using MultibufferDataSource
[0709/164522:ERROR:ffmpeg_demuxer.cc(1510)] media::FFmpegDemuxer::OnReadFrameDone result=-541478725 IsMaxMemoryUsageReached=0
[0709/164537:ERROR:ffmpeg_demuxer.cc(1510)] media::FFmpegDemuxer::OnReadFrameDone result=-541478725 IsMaxMemoryUsageReached=0
[0709/164702:ERROR:ffmpeg_demuxer.cc(1510)] media::FFmpegDemuxer::OnReadFrameDone result=-541478725 IsMaxMemoryUsageReached=0
[0709/170133:WARNING:quota_manager.cc(1833)] Create directory failed for path
[0709/173133:WARNING:quota_manager.cc(1833)] Create directory failed for path
[0709/180133:WARNING:quota_manager.cc(1833)] Create directory failed for path
[0709/181002:INFO:exception_record.cc(518)] [QB]Process ID: 13212 Type: 2
[0709/183133:WARNING:quota_manager.cc(1833)] Create directory failed for path
[0710/092613:WARNING:quota_manager.cc(1833)] Create directory failed for path
[0710/092616:WARNING:dns_config_service_win.cc(674)] Failed to read DnsConfig.
[0710/092616:WARNING:dns_config_service_win.cc(674)] Failed to read DnsConfig.
[0710/092617:WARNING:dns_config_service_win.cc(674)] Failed to read DnsConfig.
[0710/092618:WARNING:dns_config_service_win.cc(674)] Failed to read DnsConfig.
[0710/092621:WARNING:dns_config_service_win.cc(674)] Failed to read DnsConfig.
[0710/092621:WARNING:dns_config_service_win.cc(674)] Failed to read DnsConfig.
[0710/092622:WARNING:dns_config_service_win.cc(674)] Failed to read DnsConfig.
[0710/092623:WARNING:dns_config_service_win.cc(674)] Failed to read DnsConfig.
[0710/092626:WARNING:dns_config_service_win.cc(674)] Failed to read DnsConfig.
[0710/092626:WARNING:dns_config_service_win.cc(674)] Failed to read DnsConfig.
[0710/092627:WARNING:dns_config_service_win.cc(674)] Failed to read DnsConfig.
[0710/092628:WARNING:dns_config_service_win.cc(674)] Failed to read DnsConfig.
[0710/092630:WARNING:dns_config_service_win.cc(674)] Failed to read DnsConfig.
[0710/092630:WARNING:dns_config_service_win.cc(674)] Failed to read DnsConfig.
[0710/092630:WARNING:dns_config_service_win.cc(674)] Failed to read DnsConfig.
[0710/092631:WARNING:dns_config_service_win.cc(674)] Failed to read DnsConfig.
[0710/092631:WARNING:dns_config_service_win.cc(674)] Failed to read DnsConfig.
[0710/092632:WARNING:dns_config_service_win.cc(674)] Failed to read DnsConfig.
[0710/092634:WARNING:dns_config_service_win.cc(674)] Failed to read DnsConfig.
[0710/092636:WARNING:dns_config_service_win.cc(674)] Failed to read DnsConfig.
[0710/092636:WARNING:dns_config_service_win.cc(674)] Failed to read DnsConfig.
[0710/092637:WARNING:dns_config_service_win.cc(674)] Failed to read DnsConfig.
[0710/092639:WARNING:dns_config_service_win.cc(674)] Failed to read DnsConfig.
[0710/092641:WARNING:dns_config_service_win.cc(674)] Failed to read DnsConfig.
[0710/092641:WARNING:dns_config_service_win.cc(674)] Failed to read DnsConfig.
[0710/092642:WARNING:dns_config_service_win.cc(674)] Failed to read DnsConfig.
[0710/092642:WARNING:dns_config_service_win.cc(674)] Failed to read DnsConfig.
[0710/095614:WARNING:quota_manager.cc(1833)] Create directory failed for path
[0710/102614:WARNING:quota_manager.cc(1833)] Create directory failed for path
[0710/105614:WARNING:quota_manager.cc(1833)] Create directory failed for path
[0710/112615:WARNING:quota_manager.cc(1833)] Create directory failed for path
